<?xml version="1.0" encoding="UTF-8"?>
<testng-results skipped="0" failed="0" total="1" passed="1">
  <reporter-output>
  </reporter-output>
  <suite name="Default suite" duration-ms="109264" started-at="2019-07-19T15:56:25Z" finished-at="2019-07-19T15:58:15Z">
    <groups>
    </groups>
    <test name="Default test" duration-ms="109264" started-at="2019-07-19T15:56:25Z" finished-at="2019-07-19T15:58:15Z">
      <class name="DemoJenkins.DemoJenkins">
        <test-method status="PASS" signature="OpenApplication()[pri:0, instance:DemoJenkins.DemoJenkins@e6e9c3]" name="OpenApplication" duration-ms="109218" started-at="2019-07-19T21:26:25Z" finished-at="2019-07-19T21:28:15Z">
          <reporter-output>
          </reporter-output>
        </test-method> <!-- OpenApplication -->
      </class> <!-- DemoJenkins.DemoJenkins -->
    </test> <!-- Default test -->
  </suite> <!-- Default suite -->
</testng-results>
